<?xml version="1.0" encoding="UTF-8"?>
<!-- Generated by org.testng.reporters.JUnitReportReporter -->
<testsuite hostname="TechMs-MacBook-Pro.local" failures="0" tests="1" name="ProductStore" time="6.708" errors="0" timestamp="2022-03-12T09:56:26 PST" skipped="0">
  <testcase classname="ProductStore" name="selectProducts" time="6.708"/>
  <system-out/>
</testsuite> <!-- ProductStore -->
